5/4/2018 1:04:45 AM: Starting AspDotNetStorefront...

5/4/2018 1:04:45 AM: AppLogic.ApplicationStart...

5/4/2018 1:04:45 AM: Testing DBConn...

5/4/2018 1:04:45 AM: DBConn OK.

5/4/2018 1:04:45 AM: Determine Trust Level...

5/4/2018 1:04:45 AM: Determine Trust Level OK.

5/4/2018 1:04:45 AM: ExcelToXml.SetLicense...

5/4/2018 1:04:45 AM: ExcelToXml.SetLicense OK.

5/4/2018 1:04:45 AM: AppConfig Load...

5/4/2018 1:04:45 AM: AppConfig Load OK.

5/4/2018 1:04:45 AM: EventHandler Load...

5/4/2018 1:04:45 AM: EventHandler Load OK.

5/4/2018 1:04:45 AM: BadWord Load...

5/4/2018 1:04:45 AM: BadWord Load OK.

5/4/2018 1:04:45 AM: Load StringResources...

5/4/2018 1:04:46 AM: Load StringResources OK.

5/4/2018 1:04:46 AM: Load EntityHelpers...

5/4/2018 1:04:46 AM: Load EntityHelpers OK.

5/4/2018 1:04:46 AM: Load Tax Tables...

5/4/2018 1:04:46 AM: Load Tax Tables OK.

5/4/2018 1:04:46 AM: Setup 49...

5/4/2018 1:04:46 AM: Setup 49 OK.

5/4/2018 1:04:46 AM: CustomerSession.StaticClear...

5/4/2018 1:04:46 AM: CustomerSession.StaticClear OK.

5/4/2018 1:04:46 AM: Load CustomerLevels...

5/4/2018 1:04:46 AM: Load CustomerLevels OK.

5/4/2018 1:04:46 AM: CC Check...

5/4/2018 1:04:46 AM: CC Check OK.

5/4/2018 1:04:46 AM: NextKeyChangeCheck...

5/4/2018 1:04:46 AM: NextKeyChangeCheck OK.

5/4/2018 1:04:46 AM: Legacy ConvertAllPasswords...

5/4/2018 1:04:46 AM: Legacy ConvertAllPasswords OK.

5/4/2018 1:04:46 AM: Legacy UpgradeEncryption...

5/4/2018 1:04:46 AM: Legacy UpgradeEncryption OK.

5/4/2018 1:04:46 AM: AppLogic.ApplicationStart OK.

5/4/2018 1:04:46 AM: AspDotNetStorefront Started OK.

